2025-12-23 15:04:05,497 [INFO] __main__: Приложение запущено
2025-12-23 15:04:05,886 [INFO] __main__: Инициализирован ContentDownloader
2025-12-23 15:04:08,373 [INFO] downloader.content_downloader: Скачивание артиста 'MORGENSHTERN' (https://music.yandex.ru/artist/5781113)
2025-12-23 15:04:08,631 [INFO] downloader.content_downloader: Найдено альбомов артиста MORGENSHTERN: 54
2025-12-23 15:04:08,954 [INFO] downloader.track_downloader: Начало скачивания: MORGENSHTERN - КРАСНЫЙ ФЛАГ (качество: lossless)
2025-12-23 15:04:27,306 [INFO] downloader.track_downloader: Сохранено: music\artists\MORGENSHTERN\ALISHER\MORGENSHTERN - КРАСНЫЙ ФЛАГ.m4a
2025-12-23 15:04:27,307 [INFO] downloader.track_downloader: Начало скачивания: MORGENSHTERN - ДОМ (Лондон, Прага, Ницца) (качество: lossless)
2025-12-23 15:12:00,191 [INFO] __main__: Приложение запущено
2025-12-23 15:12:00,521 [INFO] __main__: Инициализирован ContentDownloader
2025-12-23 15:12:07,899 [INFO] downloader.content_downloader: Скачивание артиста 'MORGENSHTERN' (https://music.yandex.ru/artist/5781113)
2025-12-23 15:12:08,262 [INFO] downloader.content_downloader: Найдено альбомов артиста MORGENSHTERN: 54
2025-12-23 15:12:08,537 [INFO] downloader.track_downloader: Начало скачивания: MORGENSHTERN - КРАСНЫЙ ФЛАГ (качество: lossless)
2025-12-23 15:12:08,538 [INFO] downloader.track_downloader: Начало скачивания: MORGENSHTERN - ДОМ (Лондон, Прага, Ницца) (качество: lossless)
2025-12-23 15:12:08,538 [INFO] downloader.track_downloader: Начало скачивания: MORGENSHTERN - ПОВОД (качество: lossless)
2025-12-23 15:12:08,538 [INFO] downloader.track_downloader: Начало скачивания: MORGENSHTERN - АНТИДЕПРЕССАНТЫ (качество: lossless)
2025-12-23 15:12:28,331 [INFO] downloader.track_downloader: Сохранено: music\artists\MORGENSHTERN\ALISHER\MORGENSHTERN - ПОВОД.m4a
2025-12-23 15:12:28,362 [INFO] downloader.track_downloader: Начало скачивания: MORGENSHTERN - ПУСТОЙ ВОКЗАЛ (качество: lossless)
2025-12-23 15:13:05,255 [INFO] downloader.track_downloader: Сохранено: music\artists\MORGENSHTERN\ALISHER\MORGENSHTERN - КРАСНЫЙ ФЛАГ.m4a
2025-12-23 15:13:19,677 [INFO] downloader.track_downloader: Сохранено: music\artists\MORGENSHTERN\ALISHER\MORGENSHTERN - АНТИДЕПРЕССАНТЫ.m4a
2025-12-23 15:13:27,621 [INFO] downloader.track_downloader: Сохранено: music\artists\MORGENSHTERN\ALISHER\MORGENSHTERN - ДОМ (Лондон, Прага, Ницца).m4a
2025-12-23 15:13:35,636 [INFO] downloader.track_downloader: Сохранено: music\artists\MORGENSHTERN\ALISHER\MORGENSHTERN - ПУСТОЙ ВОКЗАЛ.m4a
2025-12-23 15:13:35,638 [INFO] downloader.content_downloader: Альбом 'ALISHER' артиста 'MORGENSHTERN' скачан
2025-12-23 15:13:35,911 [INFO] downloader.track_downloader: Начало скачивания: MORGENSHTERN, Robin Schulz - Последняя Любовь (качество: lossless)
2025-12-23 15:13:42,377 [INFO] downloader.track_downloader: Сохранено: music\artists\MORGENSHTERN\Singles & Other Tracks\MORGENSHTERN, Robin Schulz - Последняя Любовь.m4a
2025-12-23 15:13:42,628 [INFO] downloader.track_downloader: Начало скачивания: MORGENSHTERN - Последняя Любовь (качество: lossless)
2025-12-23 15:13:50,946 [INFO] downloader.track_downloader: Сохранено: music\artists\MORGENSHTERN\Singles & Other Tracks\MORGENSHTERN - Последняя Любовь.m4a
2025-12-23 15:13:51,196 [INFO] downloader.track_downloader: Начало скачивания: ENTYPE, Onative, MORGENSHTERN - СЧИТАЛОЧКА (качество: lossless)
2025-12-23 15:14:12,919 [INFO] downloader.track_downloader: Сохранено: music\artists\MORGENSHTERN\Singles & Other Tracks\ENTYPE, Onative, MORGENSHTERN - СЧИТАЛОЧКА.m4a
2025-12-23 15:14:13,158 [INFO] downloader.track_downloader: Начало скачивания: MORGENSHTERN - Чёрный Русский (качество: lossless)
2025-12-23 15:14:19,040 [INFO] downloader.track_downloader: Сохранено: music\artists\MORGENSHTERN\Singles & Other Tracks\MORGENSHTERN - Чёрный Русский.m4a
2025-12-23 15:14:19,316 [INFO] downloader.track_downloader: Начало скачивания: Onative, Rich The Kid, MORGENSHTERN - IF I EVER (качество: lossless)
2025-12-23 15:14:24,423 [INFO] downloader.track_downloader: Сохранено: music\artists\MORGENSHTERN\Singles & Other Tracks\Onative, Rich The Kid, MORGENSHTERN - IF I EVER.m4a
2025-12-23 15:14:24,669 [INFO] downloader.track_downloader: Начало скачивания: MORGENSHTERN - OLALA (качество: lossless)
2025-12-23 15:14:24,670 [INFO] downloader.track_downloader: Начало скачивания: MORGENSHTERN - ARISTOCRAT (качество: lossless)
2025-12-23 15:14:24,670 [INFO] downloader.track_downloader: Начало скачивания: MORGENSHTERN - NOMINALO (качество: lossless)
2025-12-23 15:14:24,671 [INFO] downloader.track_downloader: Начало скачивания: MORGENSHTERN - ПАПИН ТАНК (качество: lossless)
2025-12-23 15:14:38,908 [INFO] downloader.track_downloader: Сохранено: music\artists\MORGENSHTERN\Golden Hits, Vol. 2\MORGENSHTERN - NOMINALO.m4a
2025-12-23 15:14:38,934 [INFO] downloader.track_downloader: Начало скачивания: MORGENSHTERN - PABLO (качество: lossless)
2025-12-23 15:14:44,681 [INFO] downloader.track_downloader: Сохранено: music\artists\MORGENSHTERN\Golden Hits, Vol. 2\MORGENSHTERN - ПАПИН ТАНК.m4a
2025-12-23 15:14:44,725 [INFO] downloader.track_downloader: Начало скачивания: MORGENSHTERN - SHOW (качество: lossless)
2025-12-23 15:14:46,462 [INFO] downloader.track_downloader: Сохранено: music\artists\MORGENSHTERN\Golden Hits, Vol. 2\MORGENSHTERN - ARISTOCRAT.m4a
2025-12-23 15:14:46,465 [INFO] downloader.track_downloader: Начало скачивания: MORGENSHTERN - ДУЛО (качество: lossless)
2025-12-23 15:14:51,416 [INFO] downloader.track_downloader: Сохранено: music\artists\MORGENSHTERN\Golden Hits, Vol. 2\MORGENSHTERN - OLALA.m4a
2025-12-23 15:14:51,435 [INFO] downloader.track_downloader: Начало скачивания: MORGENSHTERN, SLAVA MARLOW - БЫСТРО (качество: lossless)
2025-12-23 15:14:54,131 [INFO] downloader.track_downloader: Сохранено: music\artists\MORGENSHTERN\Golden Hits, Vol. 2\MORGENSHTERN - PABLO.m4a
2025-12-23 15:14:54,138 [INFO] downloader.track_downloader: Начало скачивания: MORGENSHTERN - Я КОГДА-НИБУДЬ УЙДУ (качество: lossless)
2025-12-23 15:14:56,531 [INFO] downloader.track_downloader: Сохранено: music\artists\MORGENSHTERN\Golden Hits, Vol. 2\MORGENSHTERN - SHOW.m4a
2025-12-23 15:14:56,552 [INFO] downloader.track_downloader: Начало скачивания: MORGENSHTERN - ИСКУССТВО ЗА 90900 (качество: lossless)
